<?xml version="1.0" encoding="UTF-8"?>
<testng-results skipped="0" failed="1" ignored="0" total="9" passed="8">
  <reporter-output>
  </reporter-output>
  <suite name="Suite" duration-ms="67320" started-at="2021-08-22T13:41:44Z" finished-at="2021-08-22T13:42:51Z">
    <groups>
    </groups>
    <test name="Test" duration-ms="67320" started-at="2021-08-22T13:41:44Z" finished-at="2021-08-22T13:42:51Z">
      <class name="com.pageTest.HomeTest">
        <test-method status="PASS" signature="setup()[pri:0, instance:com.pageTest.HomeTest@5a8e6209]" name="setup" is-config="true" duration-ms="11606" started-at="2021-08-22T13:41:44Z" finished-at="2021-08-22T13:41:55Z">
          <reporter-output>
          </reporter-output>
        </test-method> <!-- setup -->
        <test-method status="PASS" signature="verifyBlogSectionHeader()[pri:0, instance:com.pageTest.HomeTest@5a8e6209]" name="verifyBlogSectionHeader" duration-ms="272" started-at="2021-08-22T13:41:55Z" finished-at="2021-08-22T13:41:56Z">
          <reporter-output>
          </reporter-output>
        </test-method> <!-- verifyBlogSectionHeader -->
        <test-method status="PASS" signature="verifyBlogSectionSubHeader()[pri:0, instance:com.pageTest.HomeTest@5a8e6209]" name="verifyBlogSectionSubHeader" duration-ms="32" started-at="2021-08-22T13:41:56Z" finished-at="2021-08-22T13:41:56Z">
          <reporter-output>
          </reporter-output>
        </test-method> <!-- verifyBlogSectionSubHeader -->
        <test-method status="PASS" signature="verifyBlogsTitles()[pri:0, instance:com.pageTest.HomeTest@5a8e6209]" name="verifyBlogsTitles" duration-ms="62" started-at="2021-08-22T13:41:56Z" finished-at="2021-08-22T13:41:56Z">
          <reporter-output>
          </reporter-output>
        </test-method> <!-- verifyBlogsTitles -->
        <test-method status="PASS" signature="verifyHeader()[pri:0, instance:com.pageTest.HomeTest@5a8e6209]" name="verifyHeader" duration-ms="47" started-at="2021-08-22T13:41:56Z" finished-at="2021-08-22T13:41:56Z">
          <reporter-output>
          </reporter-output>
        </test-method> <!-- verifyHeader -->
        <test-method status="PASS" signature="verifyToReadSpecifiedByReadMoreBuutonBlog()[pri:0, instance:com.pageTest.HomeTest@5a8e6209]" name="verifyToReadSpecifiedByReadMoreBuutonBlog" duration-ms="3786" started-at="2021-08-22T13:41:56Z" finished-at="2021-08-22T13:42:00Z">
          <reporter-output>
          </reporter-output>
        </test-method> <!-- verifyToReadSpecifiedByReadMoreBuutonBlog -->
      </class> <!-- com.pageTest.HomeTest -->
      <class name="com.pageTest.BlogTest">
        <test-method status="PASS" signature="verifyAllPostBtn()[pri:0, instance:com.pageTest.BlogTest@4b4523f8]" name="verifyAllPostBtn" duration-ms="1329" started-at="2021-08-22T13:42:00Z" finished-at="2021-08-22T13:42:01Z">
          <reporter-output>
          </reporter-output>
        </test-method> <!-- verifyAllPostBtn -->
        <test-method status="PASS" signature="setup()[pri:0, instance:com.pageTest.BlogTest@4b4523f8]" name="setup" is-config="true" duration-ms="0" started-at="2021-08-22T13:42:00Z" finished-at="2021-08-22T13:42:00Z">
          <reporter-output>
          </reporter-output>
        </test-method> <!-- setup -->
        <test-method status="FAIL" signature="verifyBlogDetails()[pri:0, instance:com.pageTest.BlogTest@4b4523f8]" name="verifyBlogDetails" duration-ms="40" started-at="2021-08-22T13:42:01Z" finished-at="2021-08-22T13:42:01Z">
          <exception class="java.lang.AssertionError">
            <message>
              <![CDATA[expected [POSTED BY SYSTEM ADMINISTRATOR   JUN 25, 2019   NEWS VIEWS (151)] but found [POSTED BY SYSTEM ADMINISTRATOR   JUN 25, 2019   NEWS VIEWS (170)]]]>
            </message>
            <full-stacktrace>
              <![CDATA[java.lang.AssertionError: expected [POSTED BY SYSTEM ADMINISTRATOR   JUN 25, 2019   NEWS VIEWS (151)] but found [POSTED BY SYSTEM ADMINISTRATOR   JUN 25, 2019   NEWS VIEWS (170)]
at org.testng.Assert.fail(Assert.java:96)
at org.testng.Assert.failNotEquals(Assert.java:776)
at org.testng.Assert.assertEqualsImpl(Assert.java:137)
at org.testng.Assert.assertEquals(Assert.java:118)
at org.testng.Assert.assertEquals(Assert.java:453)
at org.testng.Assert.assertEquals(Assert.java:463)
at com.pageTest.BlogTest.verifyBlogDetails(BlogTest.java:30)
at sun.reflect.NativeMethodAccessorImpl.invoke0(Native Method)
at sun.reflect.NativeMethodAccessorImpl.invoke(NativeMethodAccessorImpl.java:62)
at sun.reflect.DelegatingMethodAccessorImpl.invoke(DelegatingMethodAccessorImpl.java:43)
at java.lang.reflect.Method.invoke(Method.java:498)
at org.testng.internal.MethodInvocationHelper.invokeMethod(MethodInvocationHelper.java:124)
at org.testng.internal.Invoker.invokeMethod(Invoker.java:583)
at org.testng.internal.Invoker.invokeTestMethod(Invoker.java:719)
at org.testng.internal.Invoker.invokeTestMethods(Invoker.java:989)
at org.testng.internal.TestMethodWorker.invokeTestMethods(TestMethodWorker.java:125)
at org.testng.internal.TestMethodWorker.run(TestMethodWorker.java:109)
at org.testng.TestRunner.privateRun(TestRunner.java:648)
at org.testng.TestRunner.run(TestRunner.java:505)
at org.testng.SuiteRunner.runTest(SuiteRunner.java:455)
at org.testng.SuiteRunner.runSequentially(SuiteRunner.java:450)
at org.testng.SuiteRunner.privateRun(SuiteRunner.java:415)
at org.testng.SuiteRunner.run(SuiteRunner.java:364)
at org.testng.SuiteRunnerWorker.runSuite(SuiteRunnerWorker.java:52)
at org.testng.SuiteRunnerWorker.run(SuiteRunnerWorker.java:84)
at org.testng.TestNG.runSuitesSequentially(TestNG.java:1208)
at org.testng.TestNG.runSuitesLocally(TestNG.java:1137)
at org.testng.TestNG.runSuites(TestNG.java:1049)
at org.testng.TestNG.run(TestNG.java:1017)
at org.testng.remote.AbstractRemoteTestNG.run(AbstractRemoteTestNG.java:114)
at org.testng.remote.RemoteTestNG.initAndRun(RemoteTestNG.java:251)
at org.testng.remote.RemoteTestNG.main(RemoteTestNG.java:77)
]]>
            </full-stacktrace>
          </exception> <!-- java.lang.AssertionError -->
          <reporter-output>
          </reporter-output>
        </test-method> <!-- verifyBlogDetails -->
        <test-method status="PASS" signature="verifyImgOfPostBlog()[pri:0, instance:com.pageTest.BlogTest@4b4523f8]" name="verifyImgOfPostBlog" duration-ms="63" started-at="2021-08-22T13:42:01Z" finished-at="2021-08-22T13:42:01Z">
          <reporter-output>
          </reporter-output>
        </test-method> <!-- verifyImgOfPostBlog -->
        <test-method status="PASS" signature="verifySocialMediaSharingBtn()[pri:0, instance:com.pageTest.BlogTest@4b4523f8]" name="verifySocialMediaSharingBtn" duration-ms="50066" started-at="2021-08-22T13:42:01Z" finished-at="2021-08-22T13:42:51Z">
          <reporter-output>
          </reporter-output>
        </test-method> <!-- verifySocialMediaSharingBtn -->
      </class> <!-- com.pageTest.BlogTest -->
    </test> <!-- Test -->
  </suite> <!-- Suite -->
</testng-results>
